     diagonalizing the dynamical matrix ...

 q =       0.0000      0.0000      0.0000
 **************************************************************************
     freq (    1) =      -0.000000 [THz] =      -0.000008 [cm-1]
 (  0.000776   0.000000    -0.134627   0.000000    -0.694172   0.000000   )
 (  0.000776   0.000000    -0.134627   0.000000    -0.694172   0.000000   )
     freq (    2) =      -0.000000 [THz] =      -0.000004 [cm-1]
 ( -0.136798   0.000000     0.681030   0.000000    -0.132231   0.000000   )
 ( -0.136798   0.000000     0.681030   0.000000    -0.132231   0.000000   )
     freq (    3) =      -0.000000 [THz] =      -0.000003 [cm-1]
 (  0.693748   0.000000     0.134440   0.000000    -0.025297   0.000000   )
 (  0.693748   0.000000     0.134440   0.000000    -0.025297   0.000000   )
     freq (    4) =      11.257373 [THz] =     375.505549 [cm-1]
 (  0.000000   0.000000     0.000000   0.000000    -0.940852   0.000000   )
 (  0.000000   0.000000    -0.000000   0.000000     0.338817   0.000000   )
     freq (    5) =      11.257373 [THz] =     375.505549 [cm-1]
 ( -0.000000   0.000000    -0.940852   0.000000    -0.000000   0.000000   )
 (  0.000000   0.000000     0.338817  -0.000000    -0.000000   0.000000   )
     freq (    6) =      12.307951 [THz] =     410.549048 [cm-1]
 ( -0.940852   0.000000     0.000000   0.000000     0.000000   0.000000   )
 (  0.338817   0.000000    -0.000000   0.000000     0.000000   0.000000   )
 **************************************************************************
